<?xml version="1.0" encoding="UTF-8"?>
<testsuite name="org.example.memberservice.service.MemberServiceTest" tests="1" skipped="0" failures="0" errors="0" timestamp="2025-03-16T16:04:02.922Z" hostname="고성연" time="0.514">
  <properties/>
  <testcase name="testCheckStatus()" classname="org.example.memberservice.service.MemberServiceTest" time="0.514"/>
  <system-out><![CDATA[01:04:01.734 [Test worker] INFO org.springframework.test.context.support.AnnotationConfigContextLoaderUtils -- Could not detect default configuration classes for test class [org.example.memberservice.service.MemberServiceTest]: MemberServiceTest does not declare any static, non-private, non-final, nested classes annotated with @Configuration.
01:04:01.805 [Test worker] INFO org.springframework.boot.test.context.SpringBootTestContextBootstrapper -- Found @SpringBootConfiguration org.example.memberservice.MemberSelectTestApplication for test class org.example.memberservice.service.MemberServiceTest

  .   ____          _            __ _ _
 /\\ / ___'_ __ _ _(_)_ __  __ _ \ \ \ \
( ( )\___ | '_ | '_| | '_ \/ _` | \ \ \ \
 \\/  ___)| |_)| | | | | || (_| |  ) ) ) )
  '  |____| .__|_| |_|_| |_\__, | / / / /
 =========|_|==============|___/=/_/_/_/

 :: Spring Boot ::                (v3.4.3)

2025-03-17T01:04:02.076+09:00  INFO 6360 --- [    Test worker] o.e.m.service.MemberServiceTest          : Starting MemberServiceTest using Java 17.0.3 with PID 6360 (started by rhtjd in C:\projectcodes\member-select-test)
2025-03-17T01:04:02.077+09:00  INFO 6360 --- [    Test worker] o.e.m.service.MemberServiceTest          : No active profile set, falling back to 1 default profile: "default"
2025-03-17T01:04:02.912+09:00  INFO 6360 --- [    Test worker] o.e.m.service.MemberServiceTest          : Started MemberServiceTest in 1.012 seconds (process running for 1.711)
2025-03-17T01:04:03.334+09:00  INFO 6360 --- [    Test worker] com.zaxxer.hikari.HikariDataSource       : HikariPool-1 - Starting...
2025-03-17T01:04:03.398+09:00  INFO 6360 --- [    Test worker] com.zaxxer.hikari.pool.HikariPool        : HikariPool-1 - Added connection org.mariadb.jdbc.Connection@2b62475a
2025-03-17T01:04:03.400+09:00  INFO 6360 --- [    Test worker] com.zaxxer.hikari.HikariDataSource       : HikariPool-1 - Start completed.
현재 회원의 상태는: ACTIVE 입니다
]]></system-out>
  <system-err><![CDATA[]]></system-err>
</testsuite>
